MAKEFILE MAKECMDGOALS=waf.bootloader-NoOS-LSRSTERLING_00950 OTA2_SUPPORT is disabled
waf.bootloader-NoOS-LSRSTERLING_00950
----------------------------------|---------|---------|
                                  |         |  Static |
              Module              |  Flash  |   RAM   |
----------------------------------+---------+---------|
App                               |     124 |       0 |
crc                               |    1060 |       0 |
Host MCU-family library           |    7600 |    8332 |
Interrupt Vectors                 |     388 |       0 |
libc                              |     548 |       0 |
platform                          |    1156 |      76 |
RAM Initialisation                |      20 |       0 |
Ring_Buffer                       |      20 |       0 |
SPI_Flash_Library_LSRSTERLING_0095|     512 |       0 |
WWD                               |     148 |       4 |
----------------------------------+---------+---------|
TOTAL (bytes)                     |   11556 |   16824 |
----------------------------------|---------|---------|

Build complete
